2016-09-13 10:05:57 main org.springframework.context.support.ClassPathXmlApplicationContext INFO Refreshing org.springframework.context.support.ClassPathXmlApplicationContext@5fe5c6f: startup date [Tue Sep 13 10:05:57 CEST 2016]; root of context hierarchy
 2016-09-13 10:05:57 main org.springframework.beans.factory.xml.XmlBeanDefinitionReader INFO Loading XML bean definitions from class path resource [spring-dao-config.xml]
 2016-09-13 10:42:01 main org.springframework.context.support.ClassPathXmlApplicationContext INFO Refreshing org.springframework.context.support.ClassPathXmlApplicationContext@7c53a9eb: startup date [Tue Sep 13 10:42:01 CEST 2016]; root of context hierarchy
 2016-09-13 10:42:01 main org.springframework.beans.factory.xml.XmlBeanDefinitionReader INFO Loading XML bean definitions from class path resource [spring-dao-config.xml]
 2016-09-13 10:42:02 main org.springframework.context.support.ClassPathXmlApplicationContext WARN Exception encountered during context initialization - cancelling refresh attempt: org.springframework.beans.factory.BeanCreationException: Error creating bean with name 'hibernateSessionFactory' defined in class path resource [spring-dao-config.xml]: Initialization of bean failed; nested exception is java.lang.NoClassDefFoundError: org/hibernate/cache/spi/RegionFactory
 2016-09-13 10:46:02 main org.springframework.context.support.ClassPathXmlApplicationContext INFO Refreshing org.springframework.context.support.ClassPathXmlApplicationContext@7a7b0070: startup date [Tue Sep 13 10:46:02 CEST 2016]; root of context hierarchy
 2016-09-13 10:46:02 main org.springframework.beans.factory.xml.XmlBeanDefinitionReader INFO Loading XML bean definitions from class path resource [spring-dao-config.xml]
 2016-09-13 10:46:04 main org.springframework.context.support.ClassPathXmlApplicationContext WARN Exception encountered during context initialization - cancelling refresh attempt: org.springframework.beans.factory.BeanCreationException: Error creating bean with name 'FKT_DPS01_IIG_L31_STP_Dao' defined in class path resource [spring-dao-config.xml]: Error setting property values; nested exception is org.springframework.beans.NotWritablePropertyException: Invalid property 'sessionFactory' of bean class [BrazilCenter.DaoUtils.persistence.impl.FKT_DPS01_IIG_L31_STP_IMPL]: Bean property 'sessionFactory' is not writable or has an invalid setter method. Does the parameter type of the setter match the return type of the getter?
 2016-09-13 10:49:33 main org.springframework.context.support.ClassPathXmlApplicationContext INFO Refreshing org.springframework.context.support.ClassPathXmlApplicationContext@7a7b0070: startup date [Tue Sep 13 10:49:33 CEST 2016]; root of context hierarchy
 2016-09-13 10:49:33 main org.springframework.beans.factory.xml.XmlBeanDefinitionReader INFO Loading XML bean definitions from class path resource [spring-dao-config.xml]
 2016-09-13 10:52:39 main org.springframework.context.support.ClassPathXmlApplicationContext INFO Refreshing org.springframework.context.support.ClassPathXmlApplicationContext@22a71081: startup date [Tue Sep 13 10:52:39 CEST 2016]; root of context hierarchy
 2016-09-13 10:52:39 main org.springframework.beans.factory.xml.XmlBeanDefinitionReader INFO Loading XML bean definitions from class path resource [spring-dao-config.xml]
 2016-09-13 10:52:40 main org.hibernate.annotations.common.Version INFO HCANN000001: Hibernate Commons Annotations {4.0.5.Final}
 2016-09-13 10:52:40 main org.hibernate.Version INFO HHH000412: Hibernate Core {4.3.11.Final}
 2016-09-13 10:52:40 main org.hibernate.cfg.Environment INFO HHH000206: hibernate.properties not found
 2016-09-13 10:52:40 main org.hibernate.cfg.Environment INFO HHH000021: Bytecode provider name : javassist
 2016-09-13 10:52:41 main org.hibernate.cfg.Configuration INFO HHH000044: Configuring from URL: file:/H:/WorkSpace/BrazilCenter/BrazilCenterUtils/target/classes/hibernate.cfg.xml
 2016-09-13 10:52:41 main org.hibernate.internal.util.xml.DTDEntityResolver WARN HHH000223: Recognized obsolete hibernate namespace http://hibernate.sourceforge.net/. Use namespace http://www.hibernate.org/dtd/ instead. Refer to Hibernate 3.6 Migration Guide!
 2016-09-13 10:52:41 main org.hibernate.cfg.Configuration INFO HHH000041: Configured SessionFactory: null
 2016-09-13 10:52:41 main org.hibernate.engine.jdbc.connections.internal.ConnectionProviderInitiator WARN HHH000022: c3p0 properties were encountered, but the c3p0 provider class was not found on the classpath; these properties are going to be ignored.
 2016-09-13 10:52:41 main org.hibernate.engine.jdbc.connections.internal.DriverManagerConnectionProviderImpl WARN HHH000402: Using Hibernate built-in connection pool (not for production use!)
 2016-09-13 10:52:41 main org.hibernate.engine.jdbc.connections.internal.DriverManagerConnectionProviderImpl INFO HHH000401: using driver [com.mysql.jdbc.Driver] at URL [jdbc:mysql://127.0.0.1:3306/brazil_data_center]
 2016-09-13 10:52:41 main org.hibernate.engine.jdbc.connections.internal.DriverManagerConnectionProviderImpl INFO HHH000046: Connection properties: {user=root, password=****}
 2016-09-13 10:52:41 main org.hibernate.engine.jdbc.connections.internal.DriverManagerConnectionProviderImpl INFO HHH000006: Autocommit mode: false
 2016-09-13 10:52:41 main org.hibernate.engine.jdbc.connections.internal.DriverManagerConnectionProviderImpl INFO HHH000115: Hibernate connection pool size: 20 (min=1)
 2016-09-13 10:52:42 main org.hibernate.dialect.Dialect INFO HHH000400: Using dialect: org.hibernate.dialect.MySQLDialect
 2016-09-13 10:52:43 main org.hibernate.engine.transaction.internal.TransactionFactoryInitiator INFO HHH000399: Using default transaction strategy (direct JDBC transactions)
 2016-09-13 10:52:43 main org.hibernate.hql.internal.ast.ASTQueryTranslatorFactory INFO HHH000397: Using ASTQueryTranslatorFactory
 2016-09-13 11:48:47 main org.springframework.context.support.ClassPathXmlApplicationContext INFO Refreshing org.springframework.context.support.ClassPathXmlApplicationContext@22a71081: startup date [Tue Sep 13 11:48:47 CEST 2016]; root of context hierarchy
 2016-09-13 11:48:48 main org.springframework.beans.factory.xml.XmlBeanDefinitionReader INFO Loading XML bean definitions from class path resource [spring-dao-config.xml]
 2016-09-13 11:48:48 main org.hibernate.annotations.common.Version INFO HCANN000001: Hibernate Commons Annotations {4.0.5.Final}
 2016-09-13 11:48:48 main org.hibernate.Version INFO HHH000412: Hibernate Core {4.3.11.Final}
 2016-09-13 11:48:48 main org.hibernate.cfg.Environment INFO HHH000206: hibernate.properties not found
 2016-09-13 11:48:48 main org.hibernate.cfg.Environment INFO HHH000021: Bytecode provider name : javassist
 2016-09-13 11:48:49 main org.hibernate.cfg.Configuration INFO HHH000044: Configuring from URL: file:/H:/WorkSpace/BrazilCenter/BrazilCenterUtils/target/classes/hibernate.cfg.xml
 2016-09-13 11:48:49 main org.hibernate.internal.util.xml.DTDEntityResolver WARN HHH000223: Recognized obsolete hibernate namespace http://hibernate.sourceforge.net/. Use namespace http://www.hibernate.org/dtd/ instead. Refer to Hibernate 3.6 Migration Guide!
 2016-09-13 11:48:49 main org.hibernate.cfg.Configuration INFO HHH000041: Configured SessionFactory: null
 2016-09-13 11:48:49 main org.hibernate.engine.jdbc.connections.internal.ConnectionProviderInitiator WARN HHH000022: c3p0 properties were encountered, but the c3p0 provider class was not found on the classpath; these properties are going to be ignored.
 2016-09-13 11:48:49 main org.hibernate.engine.jdbc.connections.internal.DriverManagerConnectionProviderImpl WARN HHH000402: Using Hibernate built-in connection pool (not for production use!)
 2016-09-13 11:48:49 main org.hibernate.engine.jdbc.connections.internal.DriverManagerConnectionProviderImpl INFO HHH000401: using driver [com.mysql.jdbc.Driver] at URL [jdbc:mysql://127.0.0.1:3306/brazil_data_center]
 2016-09-13 11:48:49 main org.hibernate.engine.jdbc.connections.internal.DriverManagerConnectionProviderImpl INFO HHH000046: Connection properties: {user=root, password=****}
 2016-09-13 11:48:49 main org.hibernate.engine.jdbc.connections.internal.DriverManagerConnectionProviderImpl INFO HHH000006: Autocommit mode: false
 2016-09-13 11:48:49 main org.hibernate.engine.jdbc.connections.internal.DriverManagerConnectionProviderImpl INFO HHH000115: Hibernate connection pool size: 20 (min=1)
 2016-09-13 11:48:49 main org.hibernate.dialect.Dialect INFO HHH000400: Using dialect: org.hibernate.dialect.MySQLDialect
 2016-09-13 11:48:50 main org.hibernate.engine.transaction.internal.TransactionFactoryInitiator INFO HHH000399: Using default transaction strategy (direct JDBC transactions)
 2016-09-13 11:48:50 main org.hibernate.hql.internal.ast.ASTQueryTranslatorFactory INFO HHH000397: Using ASTQueryTranslatorFactory
 2016-09-13 12:14:51 main org.springframework.context.support.ClassPathXmlApplicationContext INFO Refreshing org.springframework.context.support.ClassPathXmlApplicationContext@22a71081: startup date [Tue Sep 13 12:14:51 CEST 2016]; root of context hierarchy
 2016-09-13 12:14:51 main org.springframework.beans.factory.xml.XmlBeanDefinitionReader INFO Loading XML bean definitions from class path resource [spring-dao-config.xml]
 2016-09-13 12:14:52 main org.hibernate.annotations.common.Version INFO HCANN000001: Hibernate Commons Annotations {4.0.5.Final}
 2016-09-13 12:14:52 main org.hibernate.Version INFO HHH000412: Hibernate Core {4.3.11.Final}
 2016-09-13 12:14:52 main org.hibernate.cfg.Environment INFO HHH000206: hibernate.properties not found
 2016-09-13 12:14:52 main org.hibernate.cfg.Environment INFO HHH000021: Bytecode provider name : javassist
 2016-09-13 12:14:52 main org.hibernate.cfg.Configuration INFO HHH000044: Configuring from URL: file:/H:/WorkSpace/BrazilCenter/BrazilCenterUtils/target/classes/hibernate.cfg.xml
 2016-09-13 12:14:52 main org.hibernate.internal.util.xml.DTDEntityResolver WARN HHH000223: Recognized obsolete hibernate namespace http://hibernate.sourceforge.net/. Use namespace http://www.hibernate.org/dtd/ instead. Refer to Hibernate 3.6 Migration Guide!
 2016-09-13 12:14:52 main org.hibernate.cfg.Configuration INFO HHH000041: Configured SessionFactory: null
 2016-09-13 12:14:52 main org.hibernate.engine.jdbc.connections.internal.ConnectionProviderInitiator WARN HHH000022: c3p0 properties were encountered, but the c3p0 provider class was not found on the classpath; these properties are going to be ignored.
 2016-09-13 12:14:52 main org.hibernate.engine.jdbc.connections.internal.DriverManagerConnectionProviderImpl WARN HHH000402: Using Hibernate built-in connection pool (not for production use!)
 2016-09-13 12:14:52 main org.hibernate.engine.jdbc.connections.internal.DriverManagerConnectionProviderImpl INFO HHH000401: using driver [com.mysql.jdbc.Driver] at URL [jdbc:mysql://127.0.0.1:3306/brazil_data_center]
 2016-09-13 12:14:52 main org.hibernate.engine.jdbc.connections.internal.DriverManagerConnectionProviderImpl INFO HHH000046: Connection properties: {user=root, password=****}
 2016-09-13 12:14:52 main org.hibernate.engine.jdbc.connections.internal.DriverManagerConnectionProviderImpl INFO HHH000006: Autocommit mode: false
 2016-09-13 12:14:52 main org.hibernate.engine.jdbc.connections.internal.DriverManagerConnectionProviderImpl INFO HHH000115: Hibernate connection pool size: 20 (min=1)
 2016-09-13 12:14:53 main org.hibernate.dialect.Dialect INFO HHH000400: Using dialect: org.hibernate.dialect.MySQLDialect
 2016-09-13 12:14:53 main org.hibernate.engine.transaction.internal.TransactionFactoryInitiator INFO HHH000399: Using default transaction strategy (direct JDBC transactions)
 2016-09-13 12:14:53 main org.hibernate.hql.internal.ast.ASTQueryTranslatorFactory INFO HHH000397: Using ASTQueryTranslatorFactory
 2016-09-13 12:18:08 main org.springframework.context.support.ClassPathXmlApplicationContext INFO Refreshing org.springframework.context.support.ClassPathXmlApplicationContext@22a71081: startup date [Tue Sep 13 12:18:08 CEST 2016]; root of context hierarchy
 2016-09-13 12:18:08 main org.springframework.beans.factory.xml.XmlBeanDefinitionReader INFO Loading XML bean definitions from class path resource [spring-dao-config.xml]
 2016-09-13 12:18:09 main org.hibernate.annotations.common.Version INFO HCANN000001: Hibernate Commons Annotations {4.0.5.Final}
 2016-09-13 12:18:09 main org.hibernate.Version INFO HHH000412: Hibernate Core {4.3.11.Final}
 2016-09-13 12:18:09 main org.hibernate.cfg.Environment INFO HHH000206: hibernate.properties not found
 2016-09-13 12:18:09 main org.hibernate.cfg.Environment INFO HHH000021: Bytecode provider name : javassist
 2016-09-13 12:18:09 main org.hibernate.cfg.Configuration INFO HHH000044: Configuring from URL: file:/H:/WorkSpace/BrazilCenter/BrazilCenterUtils/target/classes/hibernate.cfg.xml
 2016-09-13 12:18:09 main org.hibernate.internal.util.xml.DTDEntityResolver WARN HHH000223: Recognized obsolete hibernate namespace http://hibernate.sourceforge.net/. Use namespace http://www.hibernate.org/dtd/ instead. Refer to Hibernate 3.6 Migration Guide!
 2016-09-13 12:18:09 main org.hibernate.cfg.Configuration INFO HHH000041: Configured SessionFactory: null
 2016-09-13 12:18:09 main org.hibernate.engine.jdbc.connections.internal.ConnectionProviderInitiator WARN HHH000022: c3p0 properties were encountered, but the c3p0 provider class was not found on the classpath; these properties are going to be ignored.
 2016-09-13 12:18:09 main org.hibernate.engine.jdbc.connections.internal.DriverManagerConnectionProviderImpl WARN HHH000402: Using Hibernate built-in connection pool (not for production use!)
 2016-09-13 12:18:09 main org.hibernate.engine.jdbc.connections.internal.DriverManagerConnectionProviderImpl INFO HHH000401: using driver [com.mysql.jdbc.Driver] at URL [jdbc:mysql://127.0.0.1:3306/brazil_data_center]
 2016-09-13 12:18:09 main org.hibernate.engine.jdbc.connections.internal.DriverManagerConnectionProviderImpl INFO HHH000046: Connection properties: {user=root, password=****}
 2016-09-13 12:18:09 main org.hibernate.engine.jdbc.connections.internal.DriverManagerConnectionProviderImpl INFO HHH000006: Autocommit mode: false
 2016-09-13 12:18:09 main org.hibernate.engine.jdbc.connections.internal.DriverManagerConnectionProviderImpl INFO HHH000115: Hibernate connection pool size: 20 (min=1)
 2016-09-13 12:18:10 main org.hibernate.dialect.Dialect INFO HHH000400: Using dialect: org.hibernate.dialect.MySQLDialect
 2016-09-13 12:18:10 main org.hibernate.engine.transaction.internal.TransactionFactoryInitiator INFO HHH000399: Using default transaction strategy (direct JDBC transactions)
 2016-09-13 12:18:10 main org.hibernate.hql.internal.ast.ASTQueryTranslatorFactory INFO HHH000397: Using ASTQueryTranslatorFactory
 